<?xml version="1.0" encoding="UTF-8" ?>
<testsuite tests="57" failures="0" name="stepDefinition.RunnerTest" time="0.029" errors="0" skipped="0">
  <properties>
    <property name="java.runtime.name" value="Java(TM) SE Runtime Environment"/>
    <property name="sun.boot.library.path" value="C:\Program Files\Java\jdk1.8.0_73\jre\bin"/>
    <property name="java.vm.version" value="25.73-b02"/>
    <property name="java.vm.vendor" value="Oracle Corporation"/>
    <property name="maven.multiModuleProjectDirectory" value="C:\Users\qatester\workspace\restapicookbooktest"/>
    <property name="java.vendor.url" value="http://java.oracle.com/"/>
    <property name="path.separator" value=";"/>
    <property name="guice.disable.misplaced.annotation.check" value="true"/>
    <property name="java.vm.name" value="Java HotSpot(TM) 64-Bit Server VM"/>
    <property name="file.encoding.pkg" value="sun.io"/>
    <property name="user.script" value=""/>
    <property name="user.country" value="AU"/>
    <property name="sun.java.launcher" value="SUN_STANDARD"/>
    <property name="sun.os.patch.level" value=""/>
    <property name="java.vm.specification.name" value="Java Virtual Machine Specification"/>
    <property name="user.dir" value="C:\Users\qatester\workspace\restapicookbooktest"/>
    <property name="java.runtime.version" value="1.8.0_73-b02"/>
    <property name="java.awt.graphicsenv" value="sun.awt.Win32GraphicsEnvironment"/>
    <property name="java.endorsed.dirs" value="C:\Program Files\Java\jdk1.8.0_73\jre\lib\endorsed"/>
    <property name="os.arch" value="amd64"/>
    <property name="java.io.tmpdir" value="C:\Users\qatester\AppData\Local\Temp\2\"/>
    <property name="line.separator" value="
"/>
    <property name="java.vm.specification.vendor" value="Oracle Corporation"/>
    <property name="user.variant" value=""/>
    <property name="os.name" value="Windows Server 2012 R2"/>
    <property name="classworlds.conf" value="C:\Users\qatester\workspace\.metadata\.plugins\org.eclipse.m2e.launching\launches\m2conf3733699241910605180.tmp"/>
    <property name="sun.jnu.encoding" value="Cp1252"/>
    <property name="java.library.path" value="C:\Program Files\Java\jdk1.8.0_73\bin;C:\Windows\Sun\Java\bin;C:\Windows\system32;C:\Windows;C:/Program Files/Java/jre1.8.0_77/bin/server;C:/Program Files/Java/jre1.8.0_77/bin;C:/Program Files/Java/jre1.8.0_77/lib/amd64;C:\ProgramData\Oracle\Java\javapath;C:\Program Files\Java\jdk1.8.0_73\bin;C:\Windows\System32;C:\Program Files\apache-maven-3.3.9\bin;C:\Windows\system32;;."/>
    <property name="java.specification.name" value="Java Platform API Specification"/>
    <property name="java.class.version" value="52.0"/>
    <property name="sun.management.compiler" value="HotSpot 64-Bit Tiered Compilers"/>
    <property name="os.version" value="6.3"/>
    <property name="user.home" value="C:\Users\qatester"/>
    <property name="user.timezone" value="Australia/Sydney"/>
    <property name="java.awt.printerjob" value="sun.awt.windows.WPrinterJob"/>
    <property name="java.specification.version" value="1.8"/>
    <property name="file.encoding" value="Cp1252"/>
    <property name="user.name" value="qatester"/>
    <property name="java.class.path" value="/C:/Users/qatester/eclipse/java-mars/eclipse/../../../.p2/pool/plugins/org.eclipse.m2e.maven.runtime_1.6.2.20150902-0001/jars/plexus-classworlds-2.5.2.jar"/>
    <property name="java.vm.specification.version" value="1.8"/>
    <property name="sun.arch.data.model" value="64"/>
    <property name="java.home" value="C:\Program Files\Java\jdk1.8.0_73\jre"/>
    <property name="sun.java.command" value="org.codehaus.plexus.classworlds.launcher.Launcher -B test"/>
    <property name="java.specification.vendor" value="Oracle Corporation"/>
    <property name="user.language" value="en"/>
    <property name="awt.toolkit" value="sun.awt.windows.WToolkit"/>
    <property name="java.vm.info" value="mixed mode"/>
    <property name="java.version" value="1.8.0_73"/>
    <property name="java.ext.dirs" value="C:\Program Files\Java\jdk1.8.0_73\jre\lib\ext;C:\Windows\Sun\Java\lib\ext"/>
    <property name="sun.boot.class.path" value="C:\Program Files\Java\jdk1.8.0_73\jre\lib\resources.jar;C:\Program Files\Java\jdk1.8.0_73\jre\lib\rt.jar;C:\Program Files\Java\jdk1.8.0_73\jre\lib\sunrsasign.jar;C:\Program Files\Java\jdk1.8.0_73\jre\lib\jsse.jar;C:\Program Files\Java\jdk1.8.0_73\jre\lib\jce.jar;C:\Program Files\Java\jdk1.8.0_73\jre\lib\charsets.jar;C:\Program Files\Java\jdk1.8.0_73\jre\lib\jfr.jar;C:\Program Files\Java\jdk1.8.0_73\jre\classes"/>
    <property name="java.vendor" value="Oracle Corporation"/>
    <property name="maven.home" value="C:\Users\qatester\workspace\restapicookbooktest\EMBEDDED"/>
    <property name="file.separator" value="\"/>
    <property name="java.vendor.url.bug" value="http://bugreport.sun.com/bugreport/"/>
    <property name="sun.cpu.endian" value="little"/>
    <property name="sun.io.unicode.encoding" value="UnicodeLittle"/>
    <property name="sun.desktop" value="windows"/>
    <property name="sun.cpu.isalist" value="amd64"/>
  </properties>
  <testcase classname="|  |  |" name="Given Im on the homepage" time="0.019"/>
  <testcase classname="|  |  |" name="When I navigate to the login page" time="0"/>
  <testcase classname="|  |  |" name="And enter " time="0"/>
  <testcase classname="|  |  |" name="And password " time="0"/>
  <testcase classname="|  |  |" name="And click Submit" time="0"/>
  <testcase classname="|  |  |" name="Then Result for Login is displayed" time="0"/>
  <testcase classname="|  |  |" name="|  |  |" time="0"/>
  <testcase classname="| ol-admin | secrt |" name="Given Im on the homepage" time="0"/>
  <testcase classname="| ol-admin | secrt |" name="When I navigate to the login page" time="0"/>
  <testcase classname="| ol-admin | secrt |" name="And enter ol-admin" time="0"/>
  <testcase classname="| ol-admin | secrt |" name="And password secrt" time="0"/>
  <testcase classname="| ol-admin | secrt |" name="And click Submit" time="0"/>
  <testcase classname="| ol-admin | secrt |" name="Then Result for Login is displayed" time="0"/>
  <testcase classname="| ol-admin | secrt |" name="| ol-admin | secrt |" time="0"/>
  <testcase classname="| ol-admin | secret |" name="Given Im on the homepage" time="0"/>
  <testcase classname="| ol-admin | secret |" name="When I navigate to the login page" time="0"/>
  <testcase classname="| ol-admin | secret |" name="And enter ol-admin" time="0"/>
  <testcase classname="| ol-admin | secret |" name="And password secret" time="0"/>
  <testcase classname="| ol-admin | secret |" name="And click Submit" time="0"/>
  <testcase classname="| ol-admin | secret |" name="Then Result for Login is displayed" time="0"/>
  <testcase classname="| ol-admin | secret |" name="| ol-admin | secret |" time="0"/>
  <testcase classname="Scenario: Upload csv data" name="Given Am on the homepage" time="0"/>
  <testcase classname="Scenario: Upload csv data" name="When I click on Upload data file" time="0"/>
  <testcase classname="Scenario: Upload csv data" name="And click on Browse button" time="0"/>
  <testcase classname="Scenario: Upload csv data" name="Then result is displayed" time="0.001"/>
  <testcase classname="Scenario: Upload csv data" name="Scenario: Upload csv data" time="0.001"/>
  <testcase classname="Scenario: Uploading .OL-datamapper" name="Given on the homepage" time="0"/>
  <testcase classname="Scenario: Uploading .OL-datamapper" name="When I click on Upload datamapping config" time="0"/>
  <testcase classname="Scenario: Uploading .OL-datamapper" name="And upload the datamapping config" time="0"/>
  <testcase classname="Scenario: Uploading .OL-datamapper" name="And Click on Submit" time="0"/>
  <testcase classname="Scenario: Uploading .OL-datamapper" name="Then Datamapping Managed File ID is displayed" time="0"/>
  <testcase classname="Scenario: Uploading .OL-datamapper" name="Scenario: Uploading .OL-datamapper" time="0.001"/>
  <testcase classname="Scenario: Uploading .OL-template" name="Given on homepage" time="0"/>
  <testcase classname="Scenario: Uploading .OL-template" name="When I click on Upload Design template" time="0"/>
  <testcase classname="Scenario: Uploading .OL-template" name="And upload the template" time="0"/>
  <testcase classname="Scenario: Uploading .OL-template" name="And Click Submit" time="0"/>
  <testcase classname="Scenario: Uploading .OL-template" name="Then Template Managed File ID is displayed" time="0"/>
  <testcase classname="Scenario: Uploading .OL-template" name="Scenario: Uploading .OL-template" time="0.006"/>
  <testcase classname="Scenario: Uploading .OL-jobpreset" name="Given At homepage" time="0"/>
  <testcase classname="Scenario: Uploading .OL-jobpreset" name="When I click on Upload a Job Creation preset" time="0"/>
  <testcase classname="Scenario: Uploading .OL-jobpreset" name="And upload the JC preset" time="0"/>
  <testcase classname="Scenario: Uploading .OL-jobpreset" name="And click on Submit button" time="0"/>
  <testcase classname="Scenario: Uploading .OL-jobpreset" name="Then Managed File ID for JC is displayed" time="0"/>
  <testcase classname="Scenario: Uploading .OL-jobpreset" name="Scenario: Uploading .OL-jobpreset" time="0"/>
  <testcase classname="Scenario: Uploading .OL-outputpreset" name="Given homepage" time="0"/>
  <testcase classname="Scenario: Uploading .OL-outputpreset" name="When I click on Upload a Output Creation preset" time="0"/>
  <testcase classname="Scenario: Uploading .OL-outputpreset" name="And upload the OC preset" time="0"/>
  <testcase classname="Scenario: Uploading .OL-outputpreset" name="And click on the Submit button" time="0.001"/>
  <testcase classname="Scenario: Uploading .OL-outputpreset" name="Then Managed File ID for OC is displayed" time="0"/>
  <testcase classname="Scenario: Uploading .OL-outputpreset" name="Scenario: Uploading .OL-outputpreset" time="0"/>
  <testcase classname="Scenario: Entering Datafile, Datamapping, Content Creation, Job Creation and Output Creation IDs to create output" name="Given At home" time="0"/>
  <testcase classname="Scenario: Entering Datafile, Datamapping, Content Creation, Job Creation and Output Creation IDs to create output" name="When I click on All-in-One page" time="0"/>
  <testcase classname="Scenario: Entering Datafile, Datamapping, Content Creation, Job Creation and Output Creation IDs to create output" name="And All the four checkbox options are checked" time="0"/>
  <testcase classname="Scenario: Entering Datafile, Datamapping, Content Creation, Job Creation and Output Creation IDs to create output" name="And Managed File ID entered in their respective fields" time="0"/>
  <testcase classname="Scenario: Entering Datafile, Datamapping, Content Creation, Job Creation and Output Creation IDs to create output" name="And Submit" time="0"/>
  <testcase classname="Scenario: Entering Datafile, Datamapping, Content Creation, Job Creation and Output Creation IDs to create output" name="Then Output file is created" time="0"/>
  <testcase classname="Scenario: Entering Datafile, Datamapping, Content Creation, Job Creation and Output Creation IDs to create output" name="Scenario: Entering Datafile, Datamapping, Content Creation, Job Creation and Output Creation IDs to create output" time="0"/>
</testsuite>